<?xml version="1.0" encoding="UTF-8"?>
<testng-results ignored="0" total="1" passed="1" failed="0" skipped="0">
  <reporter-output>
  </reporter-output>
  <suite started-at="2024-10-26T08:00:00 IST" name="Default suite" finished-at="2024-10-26T08:00:42 IST" duration-ms="42024">
    <groups>
    </groups>
    <test started-at="2024-10-26T08:00:00 IST" name="Default test" finished-at="2024-10-26T08:00:42 IST" duration-ms="42024">
      <class name="FunctionalTesting.Test4">
        <test-method is-config="true" signature="preCondition()[pri:0, instance:FunctionalTesting.Test4@74d1dc36]" started-at="2024-10-26T08:00:00 IST" name="preCondition" finished-at="2024-10-26T08:00:04 IST" duration-ms="3580" status="PASS">
          <reporter-output>
          </reporter-output>
        </test-method> <!-- preCondition -->
        <test-method is-config="true" signature="login()[pri:0, instance:FunctionalTesting.Test4@74d1dc36]" started-at="2024-10-26T08:00:04 IST" name="login" finished-at="2024-10-26T08:00:07 IST" duration-ms="3612" status="PASS">
          <reporter-output>
          </reporter-output>
        </test-method> <!-- login -->
        <test-method signature="testCase4()[pri:0, instance:FunctionalTesting.Test4@74d1dc36]" started-at="2024-10-26T08:00:07 IST" name="testCase4" finished-at="2024-10-26T08:00:40 IST" duration-ms="32315" status="PASS">
          <reporter-output>
          </reporter-output>
        </test-method> <!-- testCase4 -->
        <test-method is-config="true" signature="logOuts()[pri:0, instance:FunctionalTesting.Test4@74d1dc36]" started-at="2024-10-26T08:00:40 IST" name="logOuts" finished-at="2024-10-26T08:00:42 IST" duration-ms="2040" status="PASS">
          <reporter-output>
          </reporter-output>
        </test-method> <!-- logOuts -->
        <test-method is-config="true" signature="postCondition()[pri:0, instance:FunctionalTesting.Test4@74d1dc36]" started-at="2024-10-26T08:00:42 IST" name="postCondition" finished-at="2024-10-26T08:00:42 IST" duration-ms="401" status="PASS">
          <reporter-output>
          </reporter-output>
        </test-method> <!-- postCondition -->
      </class> <!-- FunctionalTesting.Test4 -->
    </test> <!-- Default test -->
  </suite> <!-- Default suite -->
</testng-results>
